Godot Engine v4.6.stable.official.89cea1439 - https://godotengine.org

SCRIPT ERROR: Trying to assign value of type 'Nil' to a variable of type 'bool'.
   at: _static_init (res://addons/gut/gut_loader.gd:35)
   GDScript backtrace (most recent call first):
       [0] _static_init (res://addons/gut/gut_loader.gd:35)
       [1] @static_initializer (res://addons/gut/gut_loader.gd:1)
       [2] _init (res://addons/gut/gut_cmdln.gd:23)
---  GUT  ---
[INFO]:  using [/workspace/.local/share/godot/app_userdata/Paper FPS] for temporary output.
Godot version:  4.6.0
GUT version:  9.5.0
SCRIPT ERROR: Parse Error: Cannot infer the type of "enemy" variable because the value doesn't have a set type.
   at: GDScript::reload (res://test/unit/test_enemy.gd:7)
   GDScript backtrace (most recent call first):
       [0] load_script_using_custom_warnings (res://addons/gut/warnings_manager.gd:159)
       [1] _parse_script (res://addons/gut/test_collector.gd:76)
       [2] add_script (res://addons/gut/test_collector.gd:127)
       [3] add_script (res://addons/gut/gut.gd:1050)
       [4] add_directory (res://addons/gut/gut.gd:1073)
       [5] _apply_options (res://addons/gut/gut_config.gd:136)
       [6] apply_options (res://addons/gut/gut_config.gd:207)
       [7] run_tests (res://addons/gut/gui/GutRunner.gd:191)
       [8] _run_tests (res://addons/gut/cli/gut_cli.gd:238)
       [9] main (res://addons/gut/cli/gut_cli.gd:284)
       [10] _init (res://addons/gut/gut_cmdln.gd:39)
SCRIPT ERROR: Parse Error: Cannot infer the type of "enemy" variable because the value doesn't have a set type.
   at: GDScript::reload (res://test/unit/test_enemy.gd:18)
   GDScript backtrace (most recent call first):
       [0] load_script_using_custom_warnings (res://addons/gut/warnings_manager.gd:159)
       [1] _parse_script (res://addons/gut/test_collector.gd:76)
       [2] add_script (res://addons/gut/test_collector.gd:127)
       [3] add_script (res://addons/gut/gut.gd:1050)
       [4] add_directory (res://addons/gut/gut.gd:1073)
       [5] _apply_options (res://addons/gut/gut_config.gd:136)
       [6] apply_options (res://addons/gut/gut_config.gd:207)
       [7] run_tests (res://addons/gut/gui/GutRunner.gd:191)
       [8] _run_tests (res://addons/gut/cli/gut_cli.gd:238)
       [9] main (res://addons/gut/cli/gut_cli.gd:284)
       [10] _init (res://addons/gut/gut_cmdln.gd:39)
SCRIPT ERROR: Parse Error: Cannot infer the type of "enemy" variable because the value doesn't have a set type.
   at: GDScript::reload (res://test/unit/test_enemy.gd:27)
   GDScript backtrace (most recent call first):
       [0] load_script_using_custom_warnings (res://addons/gut/warnings_manager.gd:159)
       [1] _parse_script (res://addons/gut/test_collector.gd:76)
       [2] add_script (res://addons/gut/test_collector.gd:127)
       [3] add_script (res://addons/gut/gut.gd:1050)
       [4] add_directory (res://addons/gut/gut.gd:1073)
       [5] _apply_options (res://addons/gut/gut_config.gd:136)
       [6] apply_options (res://addons/gut/gut_config.gd:207)
       [7] run_tests (res://addons/gut/gui/GutRunner.gd:191)
       [8] _run_tests (res://addons/gut/cli/gut_cli.gd:238)
       [9] main (res://addons/gut/cli/gut_cli.gd:284)
       [10] _init (res://addons/gut/gut_cmdln.gd:39)
ERROR: Failed to load script "res://test/unit/test_enemy.gd" with error "Parse error".
   at: load (modules/gdscript/gdscript.cpp:2907)
   GDScript backtrace (most recent call first):
       [0] load_script_using_custom_warnings (res://addons/gut/warnings_manager.gd:159)
       [1] _parse_script (res://addons/gut/test_collector.gd:76)
       [2] add_script (res://addons/gut/test_collector.gd:127)
       [3] add_script (res://addons/gut/gut.gd:1050)
       [4] add_directory (res://addons/gut/gut.gd:1073)
       [5] _apply_options (res://addons/gut/gut_config.gd:136)
       [6] apply_options (res://addons/gut/gut_config.gd:207)
       [7] run_tests (res://addons/gut/gui/GutRunner.gd:191)
       [8] _run_tests (res://addons/gut/cli/gut_cli.gd:238)
       [9] main (res://addons/gut/cli/gut_cli.gd:284)
       [10] _init (res://addons/gut/gut_cmdln.gd:39)
[WARNING]:  Ignoring script res://test/unit/test_enemy.gd because it does not extend GutTest
SCRIPT ERROR: Parse Error: The variable type is being inferred from a Variant value, so it will be typed as Variant. (Warning treated as error.)
   at: GDScript::reload (res://test/unit/test_hitbox.gd:14)
   GDScript backtrace (most recent call first):
       [0] load_script_using_custom_warnings (res://addons/gut/warnings_manager.gd:159)
       [1] _parse_script (res://addons/gut/test_collector.gd:76)
       [2] add_script (res://addons/gut/test_collector.gd:127)
       [3] add_script (res://addons/gut/gut.gd:1050)
       [4] add_directory (res://addons/gut/gut.gd:1073)
       [5] _apply_options (res://addons/gut/gut_config.gd:136)
       [6] apply_options (res://addons/gut/gut_config.gd:207)
       [7] run_tests (res://addons/gut/gui/GutRunner.gd:191)
       [8] _run_tests (res://addons/gut/cli/gut_cli.gd:238)
       [9] main (res://addons/gut/cli/gut_cli.gd:284)
       [10] _init (res://addons/gut/gut_cmdln.gd:39)
SCRIPT ERROR: Parse Error: The variable type is being inferred from a Variant value, so it will be typed as Variant. (Warning treated as error.)
   at: GDScript::reload (res://test/unit/test_hitbox.gd:27)
   GDScript backtrace (most recent call first):
       [0] load_script_using_custom_warnings (res://addons/gut/warnings_manager.gd:159)
       [1] _parse_script (res://addons/gut/test_collector.gd:76)
       [2] add_script (res://addons/gut/test_collector.gd:127)
       [3] add_script (res://addons/gut/gut.gd:1050)
       [4] add_directory (res://addons/gut/gut.gd:1073)
       [5] _apply_options (res://addons/gut/gut_config.gd:136)
       [6] apply_options (res://addons/gut/gut_config.gd:207)
       [7] run_tests (res://addons/gut/gui/GutRunner.gd:191)
       [8] _run_tests (res://addons/gut/cli/gut_cli.gd:238)
       [9] main (res://addons/gut/cli/gut_cli.gd:284)
       [10] _init (res://addons/gut/gut_cmdln.gd:39)
SCRIPT ERROR: Parse Error: The variable type is being inferred from a Variant value, so it will be typed as Variant. (Warning treated as error.)
   at: GDScript::reload (res://test/unit/test_hitbox.gd:40)
   GDScript backtrace (most recent call first):
       [0] load_script_using_custom_warnings (res://addons/gut/warnings_manager.gd:159)
       [1] _parse_script (res://addons/gut/test_collector.gd:76)
       [2] add_script (res://addons/gut/test_collector.gd:127)
       [3] add_script (res://addons/gut/gut.gd:1050)
       [4] add_directory (res://addons/gut/gut.gd:1073)
       [5] _apply_options (res://addons/gut/gut_config.gd:136)
       [6] apply_options (res://addons/gut/gut_config.gd:207)
       [7] run_tests (res://addons/gut/gui/GutRunner.gd:191)
       [8] _run_tests (res://addons/gut/cli/gut_cli.gd:238)
       [9] main (res://addons/gut/cli/gut_cli.gd:284)
       [10] _init (res://addons/gut/gut_cmdln.gd:39)
SCRIPT ERROR: Parse Error: The variable type is being inferred from a Variant value, so it will be typed as Variant. (Warning treated as error.)
   at: GDScript::reload (res://test/unit/test_hitbox.gd:53)
   GDScript backtrace (most recent call first):
       [0] load_script_using_custom_warnings (res://addons/gut/warnings_manager.gd:159)
       [1] _parse_script (res://addons/gut/test_collector.gd:76)
       [2] add_script (res://addons/gut/test_collector.gd:127)
       [3] add_script (res://addons/gut/gut.gd:1050)
       [4] add_directory (res://addons/gut/gut.gd:1073)
       [5] _apply_options (res://addons/gut/gut_config.gd:136)
       [6] apply_options (res://addons/gut/gut_config.gd:207)
       [7] run_tests (res://addons/gut/gui/GutRunner.gd:191)
       [8] _run_tests (res://addons/gut/cli/gut_cli.gd:238)
       [9] main (res://addons/gut/cli/gut_cli.gd:284)
       [10] _init (res://addons/gut/gut_cmdln.gd:39)
SCRIPT ERROR: Parse Error: The variable type is being inferred from a Variant value, so it will be typed as Variant. (Warning treated as error.)
   at: GDScript::reload (res://test/unit/test_hitbox.gd:63)
   GDScript backtrace (most recent call first):
       [0] load_script_using_custom_warnings (res://addons/gut/warnings_manager.gd:159)
       [1] _parse_script (res://addons/gut/test_collector.gd:76)
       [2] add_script (res://addons/gut/test_collector.gd:127)
       [3] add_script (res://addons/gut/gut.gd:1050)
       [4] add_directory (res://addons/gut/gut.gd:1073)
       [5] _apply_options (res://addons/gut/gut_config.gd:136)
       [6] apply_options (res://addons/gut/gut_config.gd:207)
       [7] run_tests (res://addons/gut/gui/GutRunner.gd:191)
       [8] _run_tests (res://addons/gut/cli/gut_cli.gd:238)
       [9] main (res://addons/gut/cli/gut_cli.gd:284)
       [10] _init (res://addons/gut/gut_cmdln.gd:39)
SCRIPT ERROR: Parse Error: The variable type is being inferred from a Variant value, so it will be typed as Variant. (Warning treated as error.)
   at: GDScript::reload (res://test/unit/test_hitbox.gd:67)
   GDScript backtrace (most recent call first):
       [0] load_script_using_custom_warnings (res://addons/gut/warnings_manager.gd:159)
       [1] _parse_script (res://addons/gut/test_collector.gd:76)
       [2] add_script (res://addons/gut/test_collector.gd:127)
       [3] add_script (res://addons/gut/gut.gd:1050)
       [4] add_directory (res://addons/gut/gut.gd:1073)
       [5] _apply_options (res://addons/gut/gut_config.gd:136)
       [6] apply_options (res://addons/gut/gut_config.gd:207)
       [7] run_tests (res://addons/gut/gui/GutRunner.gd:191)
       [8] _run_tests (res://addons/gut/cli/gut_cli.gd:238)
       [9] main (res://addons/gut/cli/gut_cli.gd:284)
       [10] _init (res://addons/gut/gut_cmdln.gd:39)
ERROR: Failed to load script "res://test/unit/test_hitbox.gd" with error "Parse error".
   at: load (modules/gdscript/gdscript.cpp:2907)
   GDScript backtrace (most recent call first):
       [0] load_script_using_custom_warnings (res://addons/gut/warnings_manager.gd:159)
       [1] _parse_script (res://addons/gut/test_collector.gd:76)
       [2] add_script (res://addons/gut/test_collector.gd:127)
       [3] add_script (res://addons/gut/gut.gd:1050)
       [4] add_directory (res://addons/gut/gut.gd:1073)
       [5] _apply_options (res://addons/gut/gut_config.gd:136)
       [6] apply_options (res://addons/gut/gut_config.gd:207)
       [7] run_tests (res://addons/gut/gui/GutRunner.gd:191)
       [8] _run_tests (res://addons/gut/cli/gut_cli.gd:238)
       [9] main (res://addons/gut/cli/gut_cli.gd:284)
       [10] _init (res://addons/gut/gut_cmdln.gd:39)
[WARNING]:  Ignoring script res://test/unit/test_hitbox.gd because it does not extend GutTest
SCRIPT ERROR: Parse Error: Cannot infer the type of "pistol" variable because the value doesn't have a set type.
   at: GDScript::reload (res://test/unit/test_weapon.gd:8)
   GDScript backtrace (most recent call first):
       [0] load_script_using_custom_warnings (res://addons/gut/warnings_manager.gd:159)
       [1] _parse_script (res://addons/gut/test_collector.gd:76)
       [2] add_script (res://addons/gut/test_collector.gd:127)
       [3] add_script (res://addons/gut/gut.gd:1050)
       [4] add_directory (res://addons/gut/gut.gd:1073)
       [5] _apply_options (res://addons/gut/gut_config.gd:136)
       [6] apply_options (res://addons/gut/gut_config.gd:207)
       [7] run_tests (res://addons/gut/gui/GutRunner.gd:191)
       [8] _run_tests (res://addons/gut/cli/gut_cli.gd:238)
       [9] main (res://addons/gut/cli/gut_cli.gd:284)
       [10] _init (res://addons/gut/gut_cmdln.gd:39)
SCRIPT ERROR: Parse Error: Cannot infer the type of "shotgun" variable because the value doesn't have a set type.
   at: GDScript::reload (res://test/unit/test_weapon.gd:18)
   GDScript backtrace (most recent call first):
       [0] load_script_using_custom_warnings (res://addons/gut/warnings_manager.gd:159)
       [1] _parse_script (res://addons/gut/test_collector.gd:76)
       [2] add_script (res://addons/gut/test_collector.gd:127)
       [3] add_script (res://addons/gut/gut.gd:1050)
       [4] add_directory (res://addons/gut/gut.gd:1073)
       [5] _apply_options (res://addons/gut/gut_config.gd:136)
       [6] apply_options (res://addons/gut/gut_config.gd:207)
       [7] run_tests (res://addons/gut/gui/GutRunner.gd:191)
       [8] _run_tests (res://addons/gut/cli/gut_cli.gd:238)
       [9] main (res://addons/gut/cli/gut_cli.gd:284)
       [10] _init (res://addons/gut/gut_cmdln.gd:39)
SCRIPT ERROR: Parse Error: Cannot infer the type of "assault" variable because the value doesn't have a set type.
   at: GDScript::reload (res://test/unit/test_weapon.gd:27)
   GDScript backtrace (most recent call first):
       [0] load_script_using_custom_warnings (res://addons/gut/warnings_manager.gd:159)
       [1] _parse_script (res://addons/gut/test_collector.gd:76)
       [2] add_script (res://addons/gut/test_collector.gd:127)
       [3] add_script (res://addons/gut/gut.gd:1050)
       [4] add_directory (res://addons/gut/gut.gd:1073)
       [5] _apply_options (res://addons/gut/gut_config.gd:136)
       [6] apply_options (res://addons/gut/gut_config.gd:207)
       [7] run_tests (res://addons/gut/gui/GutRunner.gd:191)
       [8] _run_tests (res://addons/gut/cli/gut_cli.gd:238)
       [9] main (res://addons/gut/cli/gut_cli.gd:284)
       [10] _init (res://addons/gut/gut_cmdln.gd:39)
SCRIPT ERROR: Parse Error: Cannot infer the type of "sniper" variable because the value doesn't have a set type.
   at: GDScript::reload (res://test/unit/test_weapon.gd:36)
   GDScript backtrace (most recent call first):
       [0] load_script_using_custom_warnings (res://addons/gut/warnings_manager.gd:159)
       [1] _parse_script (res://addons/gut/test_collector.gd:76)
       [2] add_script (res://addons/gut/test_collector.gd:127)
       [3] add_script (res://addons/gut/gut.gd:1050)
       [4] add_directory (res://addons/gut/gut.gd:1073)
       [5] _apply_options (res://addons/gut/gut_config.gd:136)
       [6] apply_options (res://addons/gut/gut_config.gd:207)
       [7] run_tests (res://addons/gut/gui/GutRunner.gd:191)
       [8] _run_tests (res://addons/gut/cli/gut_cli.gd:238)
       [9] main (res://addons/gut/cli/gut_cli.gd:284)
       [10] _init (res://addons/gut/gut_cmdln.gd:39)
ERROR: Failed to load script "res://test/unit/test_weapon.gd" with error "Parse error".
   at: load (modules/gdscript/gdscript.cpp:2907)
   GDScript backtrace (most recent call first):
       [0] load_script_using_custom_warnings (res://addons/gut/warnings_manager.gd:159)
       [1] _parse_script (res://addons/gut/test_collector.gd:76)
       [2] add_script (res://addons/gut/test_collector.gd:127)
       [3] add_script (res://addons/gut/gut.gd:1050)
       [4] add_directory (res://addons/gut/gut.gd:1073)
       [5] _apply_options (res://addons/gut/gut_config.gd:136)
       [6] apply_options (res://addons/gut/gut_config.gd:207)
       [7] run_tests (res://addons/gut/gui/GutRunner.gd:191)
       [8] _run_tests (res://addons/gut/cli/gut_cli.gd:238)
       [9] main (res://addons/gut/cli/gut_cli.gd:284)
       [10] _init (res://addons/gut/gut_cmdln.gd:39)
[WARNING]:  Ignoring script res://test/unit/test_weapon.gd because it does not extend GutTest




[ERROR]:  Nothing was run.
On the one hand nothing failed, on the other hand nothing did anything.
