Godot Engine v4.6.stable.official.89cea1439 - https://godotengine.org

==================================================
Paper FPS - Unit Tests
==================================================

[Test] Hitbox Scale - Front
  PASS: 正面からの攻撃は1.0倍 (1.000 ≈ 1.000)

[Test] Hitbox Scale - Side
  PASS: 横からの攻撃は0.8倍 (0.800 ≈ 0.800)

[Test] Hitbox Scale - Behind
  PASS: 後ろからの攻撃も1.0倍 (1.000 ≈ 1.000)

[Test] Hitbox Width
  PASS: 正面向きの幅は0.8 (0.800 ≈ 0.800)
  PASS: 横向きの幅は0.1 (0.100 ≈ 0.100)

[Test] Damage Range
  PASS: scale 1.00 is in range [0.8, 1.0]
  PASS: scale 0.95 is in range [0.8, 1.0]
  PASS: scale 0.90 is in range [0.8, 1.0]
  PASS: scale 0.85 is in range [0.8, 1.0]
  PASS: scale 0.80 is in range [0.8, 1.0]
==================================================
Results: 10 passed, 0 failed / 10 total
==================================================
