Godot Engine v4.6.stable.official.89cea1439 - https://godotengine.org

SCRIPT ERROR: Trying to assign value of type 'Nil' to a variable of type 'bool'.
   at: _static_init (res://addons/gut/gut_loader.gd:35)
   GDScript backtrace (most recent call first):
       [0] _static_init (res://addons/gut/gut_loader.gd:35)
       [1] @static_initializer (res://addons/gut/gut_loader.gd:1)
       [2] _init (res://addons/gut/gut_cmdln.gd:23)
---  GUT  ---
[INFO]:  using [/workspace/.local/share/godot/app_userdata/DiceDeckRandom] for temporary output.
Godot version:  4.6.0
GUT version:  9.5.0


res://test/unit/test_battle_sim.gd
* test_empty_field
* test_single_card_direct_hp
* test_single_card_wrong_dice
* test_card_vs_card_same_lane
* test_kill_then_direct_hp
* test_front_blocks_back
* test_different_lanes_no_interaction
* test_opponent_turn
8/8 passed.


res://test/unit/test_card_database.gd
* test_card_pool_has_20_cards
    [Failed]:  [160] expected to equal [20]:  CardDatabase should have 20 cards
      at line 4
* test_all_cards_have_valid_cost
* test_all_cards_have_positive_hp
* test_all_cards_have_non_negative_atk
* test_all_cards_have_attack_dice
* test_all_dice_values_valid
* test_all_cards_have_unique_ids
* test_point_budget
    [Failed]:  [5] expected to equal [6]:  スライム budget: atk(1)+hp(2)+dice(2)=5 should be 6
      at line 37
    [Failed]:  [5] expected to equal [6]:  ゴブリン budget: atk(2)+hp(1)+dice(2)=5 should be 6
      at line 37
    [Failed]:  [8] expected to equal [9]:  シールドナイト budget: atk(2)+hp(4)+dice(2)=8 should be 9
      at line 37
    [Failed]:  [6] expected to equal [9]:  スカウト budget: atk(1)+hp(1)+dice(4)=6 should be 9
      at line 37
    [Failed]:  [8] expected to equal [9]:  ウォリアー budget: atk(3)+hp(3)+dice(2)=8 should be 9
      at line 37
    [Failed]:  [8] expected to equal [9]:  アサシン budget: atk(4)+hp(2)+dice(2)=8 should be 9
      at line 37
    [Failed]:  [10] expected to equal [12]:  フォートレス budget: atk(2)+hp(5)+dice(3)=10 should be 12
      at line 37
    [Failed]:  [10] expected to equal [12]:  ストライカー budget: atk(5)+hp(2)+dice(3)=10 should be 12
      at line 37
    [Failed]:  [10] expected to equal [12]:  パラディン budget: atk(4)+hp(3)+dice(3)=10 should be 12
      at line 37
    [Failed]:  [10] expected to equal [12]:  バーサーカー budget: atk(6)+hp(1)+dice(3)=10 should be 12
      at line 37
    [Failed]:  [13] expected to equal [15]:  アイアンゴーレム budget: atk(2)+hp(8)+dice(3)=13 should be 15
      at line 37
    [Failed]:  [12] expected to equal [15]:  ブレードマスター budget: atk(4)+hp(4)+dice(4)=12 should be 15
      at line 37
    [Failed]:  [13] expected to equal [15]:  ドラゴンナイト budget: atk(6)+hp(4)+dice(3)=13 should be 15
      at line 37
    [Failed]:  [13] expected to equal [15]:  ウォーロード budget: atk(5)+hp(5)+dice(3)=13 should be 15
      at line 37
    [Failed]:  [15] expected to equal [18]:  タイタン budget: atk(3)+hp(8)+dice(4)=15 should be 18
      at line 37
    [Failed]:  [16] expected to equal [18]:  ドラゴン budget: atk(6)+hp(7)+dice(3)=16 should be 18
      at line 37
    [Failed]:  [15] expected to equal [18]:  デスブリンガー budget: atk(8)+hp(3)+dice(4)=15 should be 18
      at line 37
    [Failed]:  [15] expected to equal [18]:  エンシェント budget: atk(5)+hp(6)+dice(4)=15 should be 18
      at line 37
    [Failed]:  [4] expected to equal [6]:  氷の精霊 budget: atk(1)+hp(2)+dice(1)=4 should be 6
      at line 37
    [Failed]:  [3] expected to equal [6]:  フロストバット budget: atk(1)+hp(1)+dice(1)=3 should be 6
      at line 37
    [Failed]:  [4] expected to equal [6]:  氷のネズミ budget: atk(2)+hp(1)+dice(1)=4 should be 6
      at line 37
    [Failed]:  [4] expected to equal [6]:  霜の妖精 budget: atk(1)+hp(2)+dice(1)=4 should be 6
      at line 37
    [Failed]:  [6] expected to equal [9]:  水の使い budget: atk(2)+hp(2)+dice(2)=6 should be 9
      at line 37
    [Failed]:  [6] expected to equal [9]:  霧の狼 budget: atk(2)+hp(2)+dice(2)=6 should be 9
      at line 37
    [Failed]:  [6] expected to equal [9]:  氷の彫刻家 budget: atk(2)+hp(2)+dice(2)=6 should be 9
      at line 37
    [Failed]:  [6] expected to equal [9]:  海のスライム budget: atk(1)+hp(3)+dice(2)=6 should be 9
      at line 37
    [Failed]:  [8] expected to equal [12]:  氷結の騎士 budget: atk(2)+hp(4)+dice(2)=8 should be 12
      at line 37
    [Failed]:  [8] expected to equal [12]:  深海魚 budget: atk(3)+hp(3)+dice(2)=8 should be 12
      at line 37
    [Failed]:  [8] expected to equal [12]:  吹雪の魔術師 budget: atk(3)+hp(3)+dice(2)=8 should be 12
      at line 37
    [Failed]:  [8] expected to equal [12]:  氷の壁 budget: atk(1)+hp(5)+dice(2)=8 should be 12
      at line 37
    [Failed]:  [10] expected to equal [15]:  吹雪のドラゴン budget: atk(3)+hp(4)+dice(3)=10 should be 15
      at line 37
    [Failed]:  [10] expected to equal [15]:  海神の守護者 budget: atk(2)+hp(5)+dice(3)=10 should be 15
      at line 37
    [Failed]:  [10] expected to equal [15]:  海賊船長 budget: atk(3)+hp(4)+dice(3)=10 should be 15
      at line 37
    [Failed]:  [10] expected to equal [15]:  北風の精 budget: atk(2)+hp(5)+dice(3)=10 should be 15
      at line 37
    [Failed]:  [12] expected to equal [18]:  氷帝 budget: atk(3)+hp(6)+dice(3)=12 should be 18
      at line 37
    [Failed]:  [12] expected to equal [18]:  凍てつく巨人 budget: atk(4)+hp(5)+dice(3)=12 should be 18
      at line 37
    [Failed]:  [12] expected to equal [18]:  氷山 budget: atk(2)+hp(7)+dice(3)=12 should be 18
      at line 37
    [Failed]:  [12] expected to equal [18]:  絶対零度 budget: atk(3)+hp(6)+dice(3)=12 should be 18
      at line 37
    [Failed]:  [4] expected to equal [6]:  森の妖精 budget: atk(1)+hp(2)+dice(1)=4 should be 6
      at line 37
    [Failed]:  [4] expected to equal [6]:  若木のトレント budget: atk(1)+hp(2)+dice(1)=4 should be 6
      at line 37
    [Failed]:  [4] expected to equal [6]:  花のスプライト budget: atk(1)+hp(2)+dice(1)=4 should be 6
      at line 37
    [Failed]:  [4] expected to equal [6]:  種まき budget: atk(2)+hp(1)+dice(1)=4 should be 6
      at line 37
    [Failed]:  [6] expected to equal [9]:  草原の狩人 budget: atk(2)+hp(2)+dice(2)=6 should be 9
      at line 37
    [Failed]:  [6] expected to equal [9]:  花の精 budget: atk(1)+hp(3)+dice(2)=6 should be 9
      at line 37
    [Failed]:  [6] expected to equal [9]:  蔦の魔術師 budget: atk(2)+hp(2)+dice(2)=6 should be 9
      at line 37
    [Failed]:  [6] expected to equal [9]:  木こりオーク budget: atk(2)+hp(2)+dice(2)=6 should be 9
      at line 37
    [Failed]:  [8] expected to equal [12]:  森の守護者 budget: atk(2)+hp(4)+dice(2)=8 should be 12
      at line 37
    [Failed]:  [8] expected to equal [12]:  大樹の戦士 budget: atk(3)+hp(3)+dice(2)=8 should be 12
      at line 37
    [Failed]:  [8] expected to equal [12]:  ドリアードの巫女 budget: atk(1)+hp(5)+dice(2)=8 should be 12
      at line 37
    [Failed]:  [8] expected to equal [12]:  森の巨人 budget: atk(3)+hp(3)+dice(2)=8 should be 12
      at line 37
    [Failed]:  [10] expected to equal [15]:  エルフの賢者 budget: atk(2)+hp(5)+dice(3)=10 should be 15
      at line 37
    [Failed]:  [10] expected to equal [15]:  古代樹 budget: atk(1)+hp(6)+dice(3)=10 should be 15
      at line 37
    [Failed]:  [10] expected to equal [15]:  春風の使者 budget: atk(3)+hp(4)+dice(3)=10 should be 15
      at line 37
    [Failed]:  [10] expected to equal [15]:  苔の巨人 budget: atk(2)+hp(5)+dice(3)=10 should be 15
      at line 37
    [Failed]:  [12] expected to equal [18]:  森林王 budget: atk(3)+hp(6)+dice(3)=12 should be 18
      at line 37
    [Failed]:  [12] expected to equal [18]:  世界樹の化身 budget: atk(4)+hp(5)+dice(3)=12 should be 18
      at line 37
    [Failed]:  [12] expected to equal [18]:  大地の精霊 budget: atk(3)+hp(6)+dice(3)=12 should be 18
      at line 37
    [Failed]:  [12] expected to equal [18]:  生命の木 budget: atk(2)+hp(7)+dice(3)=12 should be 18
      at line 37
    [Failed]:  [4] expected to equal [6]:  呪いの人形 budget: atk(1)+hp(2)+dice(1)=4 should be 6
      at line 37
    [Failed]:  [4] expected to equal [6]:  疫病ネズミ budget: atk(1)+hp(2)+dice(1)=4 should be 6
      at line 37
    [Failed]:  [8] expected to equal [9]:  影の暗殺者 budget: atk(4)+hp(2)+dice(2)=8 should be 9
      at line 37
    [Failed]:  [6] expected to equal [9]:  毒蛇 budget: atk(2)+hp(2)+dice(2)=6 should be 9
      at line 37
    [Failed]:  [6] expected to equal [9]:  ゾンビ budget: atk(2)+hp(2)+dice(2)=6 should be 9
      at line 37
    [Failed]:  [6] expected to equal [9]:  闇の魔術師 budget: atk(2)+hp(2)+dice(2)=6 should be 9
      at line 37
    [Failed]:  [11] expected to equal [12]:  堕天使 budget: atk(5)+hp(4)+dice(2)=11 should be 12
      at line 37
    [Failed]:  [8] expected to equal [12]:  死霊術師 budget: atk(2)+hp(4)+dice(2)=8 should be 12
      at line 37
    [Failed]:  [8] expected to equal [12]:  骸骨剣士 budget: atk(3)+hp(3)+dice(2)=8 should be 12
      at line 37
    [Failed]:  [10] expected to equal [12]:  悪魔の契約者 budget: atk(4)+hp(4)+dice(2)=10 should be 12
      at line 37
    [Failed]:  [13] expected to equal [15]:  漆黒の騎士 budget: atk(5)+hp(5)+dice(3)=13 should be 15
      at line 37
    [Failed]:  [10] expected to equal [15]:  吸血鬼 budget: atk(4)+hp(3)+dice(3)=10 should be 15
      at line 37
    [Failed]:  [10] expected to equal [15]:  ダークナイト budget: atk(4)+hp(3)+dice(3)=10 should be 15
      at line 37
    [Failed]:  [10] expected to equal [15]:  死神 budget: atk(4)+hp(3)+dice(3)=10 should be 15
      at line 37
    [Failed]:  [16] expected to equal [18]:  魔王の影 budget: atk(7)+hp(6)+dice(3)=16 should be 18
      at line 37
    [Failed]:  [12] expected to equal [18]:  深淵の王 budget: atk(4)+hp(5)+dice(3)=12 should be 18
      at line 37
    [Failed]:  [15] expected to equal [18]:  堕落の竜 budget: atk(6)+hp(6)+dice(3)=15 should be 18
      at line 37
    [Failed]:  [12] expected to equal [18]:  暗黒神 budget: atk(4)+hp(5)+dice(3)=12 should be 18
      at line 37
    [Failed]:  [4] expected to equal [6]:  火の精霊 budget: atk(2)+hp(1)+dice(1)=4 should be 6
      at line 37
    [Failed]:  [4] expected to equal [6]:  炎のネズミ budget: atk(2)+hp(1)+dice(1)=4 should be 6
      at line 37
    [Failed]:  [4] expected to equal [6]:  火花インプ budget: atk(2)+hp(1)+dice(1)=4 should be 6
      at line 37
    [Failed]:  [4] expected to equal [6]:  溶岩スライム budget: atk(1)+hp(2)+dice(1)=4 should be 6
      at line 37
    [Failed]:  [6] expected to equal [9]:  炎の戦士 budget: atk(3)+hp(1)+dice(2)=6 should be 9
      at line 37
    [Failed]:  [6] expected to equal [9]:  火炎魔術師 budget: atk(2)+hp(2)+dice(2)=6 should be 9
      at line 37
    [Failed]:  [6] expected to equal [9]:  バーニングナイト budget: atk(2)+hp(2)+dice(2)=6 should be 9
      at line 37
    [Failed]:  [6] expected to equal [9]:  火の鳥 budget: atk(2)+hp(2)+dice(2)=6 should be 9
      at line 37
    [Failed]:  [8] expected to equal [12]:  炎の騎士 budget: atk(4)+hp(2)+dice(2)=8 should be 12
      at line 37
    [Failed]:  [8] expected to equal [12]:  ファイアドラゴン budget: atk(3)+hp(3)+dice(2)=8 should be 12
      at line 37
    [Failed]:  [8] expected to equal [12]:  溶岩巨人 budget: atk(2)+hp(4)+dice(2)=8 should be 12
      at line 37
    [Failed]:  [8] expected to equal [12]:  業火の魔人 budget: atk(4)+hp(2)+dice(2)=8 should be 12
      at line 37
    [Failed]:  [10] expected to equal [15]:  炎帝 budget: atk(4)+hp(3)+dice(3)=10 should be 15
      at line 37
    [Failed]:  [10] expected to equal [15]:  フェニックス budget: atk(3)+hp(4)+dice(3)=10 should be 15
      at line 37
    [Failed]:  [10] expected to equal [15]:  地獄の番犬 budget: atk(4)+hp(3)+dice(3)=10 should be 15
      at line 37
    [Failed]:  [10] expected to equal [15]:  火山龍 budget: atk(4)+hp(3)+dice(3)=10 should be 15
      at line 37
    [Failed]:  [12] expected to equal [18]:  炎神 budget: atk(5)+hp(4)+dice(3)=12 should be 18
      at line 37
    [Failed]:  [12] expected to equal [18]:  メテオドラゴン budget: atk(4)+hp(5)+dice(3)=12 should be 18
      at line 37
    [Failed]:  [12] expected to equal [18]:  灼熱の魔王 budget: atk(5)+hp(4)+dice(3)=12 should be 18
      at line 37
    [Failed]:  [12] expected to equal [18]:  太陽神 budget: atk(4)+hp(5)+dice(3)=12 should be 18
      at line 37
    [Failed]:  [4] expected to equal [6]:  光の精霊 budget: atk(1)+hp(2)+dice(1)=4 should be 6
      at line 37
    [Failed]:  [4] expected to equal [6]:  聖なる小鳥 budget: atk(1)+hp(2)+dice(1)=4 should be 6
      at line 37
    [Failed]:  [4] expected to equal [6]:  祝福のスプライト budget: atk(1)+hp(2)+dice(1)=4 should be 6
      at line 37
    [Failed]:  [4] expected to equal [6]:  星の欠片 budget: atk(1)+hp(2)+dice(1)=4 should be 6
      at line 37
    [Failed]:  [6] expected to equal [9]:  光の戦士 budget: atk(2)+hp(2)+dice(2)=6 should be 9
      at line 37
    [Failed]:  [6] expected to equal [9]:  癒しの天使 budget: atk(1)+hp(3)+dice(2)=6 should be 9
      at line 37
    [Failed]:  [6] expected to equal [9]:  守護の騎士 budget: atk(2)+hp(2)+dice(2)=6 should be 9
      at line 37
    [Failed]:  [6] expected to equal [9]:  光のスライム budget: atk(2)+hp(2)+dice(2)=6 should be 9
      at line 37
    [Failed]:  [8] expected to equal [12]:  聖騎士 budget: atk(3)+hp(3)+dice(2)=8 should be 12
      at line 37
    [Failed]:  [8] expected to equal [12]:  光の魔術師 budget: atk(2)+hp(4)+dice(2)=8 should be 12
      at line 37
    [Failed]:  [8] expected to equal [12]:  天使 budget: atk(2)+hp(4)+dice(2)=8 should be 12
      at line 37
    [Failed]:  [8] expected to equal [12]:  希望の使者 budget: atk(3)+hp(3)+dice(2)=8 should be 12
      at line 37
    [Failed]:  [10] expected to equal [15]:  大天使 budget: atk(3)+hp(4)+dice(3)=10 should be 15
      at line 37
    [Failed]:  [10] expected to equal [15]:  光の龍 budget: atk(3)+hp(4)+dice(3)=10 should be 15
      at line 37
    [Failed]:  [10] expected to equal [15]:  聖者 budget: atk(2)+hp(5)+dice(3)=10 should be 15
      at line 37
    [Failed]:  [10] expected to equal [15]:  祝福の精霊王 budget: atk(3)+hp(4)+dice(3)=10 should be 15
      at line 37
    [Failed]:  [12] expected to equal [18]:  光神 budget: atk(4)+hp(5)+dice(3)=12 should be 18
      at line 37
    [Failed]:  [12] expected to equal [18]:  天空龍 budget: atk(4)+hp(5)+dice(3)=12 should be 18
      at line 37
    [Failed]:  [12] expected to equal [18]:  希望の女神 budget: atk(3)+hp(6)+dice(3)=12 should be 18
      at line 37
    [Failed]:  [12] expected to equal [18]:  太陽の化身 budget: atk(4)+hp(5)+dice(3)=12 should be 18
      at line 37
    [Failed]:  [4] expected to equal [6]:  闇の精霊 budget: atk(1)+hp(2)+dice(1)=4 should be 6
      at line 37
    [Failed]:  [4] expected to equal [6]:  呪いのコウモリ budget: atk(1)+hp(2)+dice(1)=4 should be 6
      at line 37
    [Failed]:  [4] expected to equal [6]:  影のネズミ budget: atk(2)+hp(1)+dice(1)=4 should be 6
      at line 37
    [Failed]:  [4] expected to equal [6]:  夜の蝶 budget: atk(1)+hp(2)+dice(1)=4 should be 6
      at line 37
    [Failed]:  [6] expected to equal [9]:  闇の魔術師 budget: atk(2)+hp(2)+dice(2)=6 should be 9
      at line 37
    [Failed]:  [6] expected to equal [9]:  呪術師 budget: atk(2)+hp(2)+dice(2)=6 should be 9
      at line 37
    [Failed]:  [6] expected to equal [9]:  影の狼 budget: atk(2)+hp(2)+dice(2)=6 should be 9
      at line 37
    [Failed]:  [6] expected to equal [9]:  夢魔 budget: atk(1)+hp(3)+dice(2)=6 should be 9
      at line 37
    [Failed]:  [8] expected to equal [12]:  闇の騎士 budget: atk(3)+hp(3)+dice(2)=8 should be 12
      at line 37
    [Failed]:  [8] expected to equal [12]:  呪いの魔女 budget: atk(2)+hp(4)+dice(2)=8 should be 12
      at line 37
    [Failed]:  [8] expected to equal [12]:  影の龍 budget: atk(3)+hp(3)+dice(2)=8 should be 12
      at line 37
    [Failed]:  [8] expected to equal [12]:  悪夢の使者 budget: atk(2)+hp(4)+dice(2)=8 should be 12
      at line 37
    [Failed]:  [10] expected to equal [15]:  闇の王 budget: atk(3)+hp(4)+dice(3)=10 should be 15
      at line 37
    [Failed]:  [10] expected to equal [15]:  呪いの竜 budget: atk(3)+hp(4)+dice(3)=10 should be 15
      at line 37
    [Failed]:  [10] expected to equal [15]:  影の支配者 budget: atk(2)+hp(5)+dice(3)=10 should be 15
      at line 37
    [Failed]:  [10] expected to equal [15]:  悪夢の王 budget: atk(3)+hp(4)+dice(3)=10 should be 15
      at line 37
    [Failed]:  [12] expected to equal [18]:  闇神 budget: atk(4)+hp(5)+dice(3)=12 should be 18
      at line 37
    [Failed]:  [12] expected to equal [18]:  呪いの神 budget: atk(3)+hp(6)+dice(3)=12 should be 18
      at line 37
    [Failed]:  [12] expected to equal [18]:  影の帝王 budget: atk(4)+hp(5)+dice(3)=12 should be 18
      at line 37
    [Failed]:  [12] expected to equal [18]:  虚無の王 budget: atk(4)+hp(5)+dice(3)=12 should be 18
      at line 37
    [Failed]:  [4] expected to equal [6]:  聖なる精霊 budget: atk(1)+hp(2)+dice(1)=4 should be 6
      at line 37
    [Failed]:  [4] expected to equal [6]:  癒しの光 budget: atk(1)+hp(2)+dice(1)=4 should be 6
      at line 37
    [Failed]:  [4] expected to equal [6]:  守護の精霊 budget: atk(1)+hp(2)+dice(1)=4 should be 6
      at line 37
    [Failed]:  [4] expected to equal [6]:  祈りの天使 budget: atk(1)+hp(2)+dice(1)=4 should be 6
      at line 37
    [Failed]:  [6] expected to equal [9]:  白の戦士 budget: atk(2)+hp(2)+dice(2)=6 should be 9
      at line 37
    [Failed]:  [6] expected to equal [9]:  癒しの騎士 budget: atk(1)+hp(3)+dice(2)=6 should be 9
      at line 37
    [Failed]:  [6] expected to equal [9]:  聖なる盾 budget: atk(1)+hp(3)+dice(2)=6 should be 9
      at line 37
    [Failed]:  [6] expected to equal [9]:  祝福の僧侶 budget: atk(2)+hp(2)+dice(2)=6 should be 9
      at line 37
    [Failed]:  [8] expected to equal [12]:  聖騎士団長 budget: atk(2)+hp(4)+dice(2)=8 should be 12
      at line 37
    [Failed]:  [8] expected to equal [12]:  癒しの天使長 budget: atk(2)+hp(4)+dice(2)=8 should be 12
      at line 37
    [Failed]:  [8] expected to equal [12]:  聖なる守護者 budget: atk(2)+hp(4)+dice(2)=8 should be 12
      at line 37
    [Failed]:  [8] expected to equal [12]:  祈りの巫女 budget: atk(1)+hp(5)+dice(2)=8 should be 12
      at line 37
    [Failed]:  [10] expected to equal [15]:  大聖騎士 budget: atk(3)+hp(4)+dice(3)=10 should be 15
      at line 37
    [Failed]:  [10] expected to equal [15]:  神聖龍 budget: atk(2)+hp(5)+dice(3)=10 should be 15
      at line 37
    [Failed]:  [10] expected to equal [15]:  復活の天使 budget: atk(2)+hp(5)+dice(3)=10 should be 15
      at line 37
    [Failed]:  [10] expected to equal [15]:  聖域の守護者 budget: atk(2)+hp(5)+dice(3)=10 should be 15
      at line 37
    [Failed]:  [12] expected to equal [18]:  聖神 budget: atk(3)+hp(6)+dice(3)=12 should be 18
      at line 37
    [Failed]:  [12] expected to equal [18]:  神聖の化身 budget: atk(3)+hp(6)+dice(3)=12 should be 18
      at line 37
    [Failed]:  [12] expected to equal [18]:  復活の女神 budget: atk(2)+hp(7)+dice(3)=12 should be 18
      at line 37
    [Failed]:  [12] expected to equal [18]:  光の創造主 budget: atk(4)+hp(5)+dice(3)=12 should be 18
      at line 37
* test_get_card_by_id
* test_get_card_by_invalid_id
* test_build_random_deck
9/11 passed.


res://test/unit/test_effects.gd
* test_effect_manager_exists
* test_effect_definitions_registered
* test_blue_effects_registered
* test_green_effects_registered
* test_black_effects_registered
* test_get_effect_description
* test_get_effect_timing
* test_has_timing
* test_unknown_effect
* test_dice_modifier_blue_002
* test_dice_modifier_black_009
* test_summon_cost_modifier_green_006
* test_all_timings_covered
* test_effect_count
* test_summon_effect_mana_green_001
* test_summon_effect_mana_green_004
* test_summon_effect_self_damage_black
* test_summon_effect_draw_blue_014
* test_summon_effect_draw_and_damage_black_014
* test_attack_effect_direct_damage_blue_012
* test_attack_effect_mana_green_010
* test_attack_effect_lifesteal_black_007
* test_death_effect_mana_green_002
* test_death_effect_spawn_token_black_006
* test_defense_effect_half_damage_blue_006
* test_defense_effect_mana_on_damage_green_012
* test_no_effect_vanilla_card
* test_multiple_cost_modifiers
28/28 passed.


res://test/unit/test_game_logic.gd
* test_mana_cap
* test_mana_recovery_in_draw_phase
* test_damage_calculation
* test_lane_assignment
* test_first_player_turn1_skips_dice
* test_second_player_turn1_no_skip
* test_move_cost
* test_deck_size
* test_starting_hand
* test_max_hp
10/10 passed.


res://test/unit/test_game_manager_deck_slot.gd
* test_deck_slot_is_persisted_and_restored_locally
1/1 passed.


res://test/unit/test_scene_transitions.gd
* test_title_to_lobby_transition
    タイトル画面ロード成功
* test_lobby_scene_load
    ロビー画面ロード成功
* test_online_battle_scene_load
    オンラインバトル画面ロード成功
3/3 passed.




==============================================
= Run Summary
==============================================

res://test/unit/test_card_database.gd
- test_card_pool_has_20_cards
    [Failed]:  [160] expected to equal [20]:  CardDatabase should have 20 cards
          at line 4
- test_point_budget
    [Failed]:  [5] expected to equal [6]:  スライム budget: atk(1)+hp(2)+dice(2)=5 should be 6
          at line 37
    [Failed]:  [5] expected to equal [6]:  ゴブリン budget: atk(2)+hp(1)+dice(2)=5 should be 6
          at line 37
    [Failed]:  [8] expected to equal [9]:  シールドナイト budget: atk(2)+hp(4)+dice(2)=8 should be 9
          at line 37
    [Failed]:  [6] expected to equal [9]:  スカウト budget: atk(1)+hp(1)+dice(4)=6 should be 9
          at line 37
    [Failed]:  [8] expected to equal [9]:  ウォリアー budget: atk(3)+hp(3)+dice(2)=8 should be 9
          at line 37
    [Failed]:  [8] expected to equal [9]:  アサシン budget: atk(4)+hp(2)+dice(2)=8 should be 9
          at line 37
    [Failed]:  [10] expected to equal [12]:  フォートレス budget: atk(2)+hp(5)+dice(3)=10 should be 12
          at line 37
    [Failed]:  [10] expected to equal [12]:  ストライカー budget: atk(5)+hp(2)+dice(3)=10 should be 12
          at line 37
    [Failed]:  [10] expected to equal [12]:  パラディン budget: atk(4)+hp(3)+dice(3)=10 should be 12
          at line 37
    [Failed]:  [10] expected to equal [12]:  バーサーカー budget: atk(6)+hp(1)+dice(3)=10 should be 12
          at line 37
    [Failed]:  [13] expected to equal [15]:  アイアンゴーレム budget: atk(2)+hp(8)+dice(3)=13 should be 15
          at line 37
    [Failed]:  [12] expected to equal [15]:  ブレードマスター budget: atk(4)+hp(4)+dice(4)=12 should be 15
          at line 37
    [Failed]:  [13] expected to equal [15]:  ドラゴンナイト budget: atk(6)+hp(4)+dice(3)=13 should be 15
          at line 37
    [Failed]:  [13] expected to equal [15]:  ウォーロード budget: atk(5)+hp(5)+dice(3)=13 should be 15
          at line 37
    [Failed]:  [15] expected to equal [18]:  タイタン budget: atk(3)+hp(8)+dice(4)=15 should be 18
          at line 37
    [Failed]:  [16] expected to equal [18]:  ドラゴン budget: atk(6)+hp(7)+dice(3)=16 should be 18
          at line 37
    [Failed]:  [15] expected to equal [18]:  デスブリンガー budget: atk(8)+hp(3)+dice(4)=15 should be 18
          at line 37
    [Failed]:  [15] expected to equal [18]:  エンシェント budget: atk(5)+hp(6)+dice(4)=15 should be 18
          at line 37
    [Failed]:  [4] expected to equal [6]:  氷の精霊 budget: atk(1)+hp(2)+dice(1)=4 should be 6
          at line 37
    [Failed]:  [3] expected to equal [6]:  フロストバット budget: atk(1)+hp(1)+dice(1)=3 should be 6
          at line 37
    [Failed]:  [4] expected to equal [6]:  氷のネズミ budget: atk(2)+hp(1)+dice(1)=4 should be 6
          at line 37
    [Failed]:  [4] expected to equal [6]:  霜の妖精 budget: atk(1)+hp(2)+dice(1)=4 should be 6
          at line 37
    [Failed]:  [6] expected to equal [9]:  水の使い budget: atk(2)+hp(2)+dice(2)=6 should be 9
          at line 37
    [Failed]:  [6] expected to equal [9]:  霧の狼 budget: atk(2)+hp(2)+dice(2)=6 should be 9
          at line 37
    [Failed]:  [6] expected to equal [9]:  氷の彫刻家 budget: atk(2)+hp(2)+dice(2)=6 should be 9
          at line 37
    [Failed]:  [6] expected to equal [9]:  海のスライム budget: atk(1)+hp(3)+dice(2)=6 should be 9
          at line 37
    [Failed]:  [8] expected to equal [12]:  氷結の騎士 budget: atk(2)+hp(4)+dice(2)=8 should be 12
          at line 37
    [Failed]:  [8] expected to equal [12]:  深海魚 budget: atk(3)+hp(3)+dice(2)=8 should be 12
          at line 37
    [Failed]:  [8] expected to equal [12]:  吹雪の魔術師 budget: atk(3)+hp(3)+dice(2)=8 should be 12
          at line 37
    [Failed]:  [8] expected to equal [12]:  氷の壁 budget: atk(1)+hp(5)+dice(2)=8 should be 12
          at line 37
    [Failed]:  [10] expected to equal [15]:  吹雪のドラゴン budget: atk(3)+hp(4)+dice(3)=10 should be 15
          at line 37
    [Failed]:  [10] expected to equal [15]:  海神の守護者 budget: atk(2)+hp(5)+dice(3)=10 should be 15
          at line 37
    [Failed]:  [10] expected to equal [15]:  海賊船長 budget: atk(3)+hp(4)+dice(3)=10 should be 15
          at line 37
    [Failed]:  [10] expected to equal [15]:  北風の精 budget: atk(2)+hp(5)+dice(3)=10 should be 15
          at line 37
    [Failed]:  [12] expected to equal [18]:  氷帝 budget: atk(3)+hp(6)+dice(3)=12 should be 18
          at line 37
    [Failed]:  [12] expected to equal [18]:  凍てつく巨人 budget: atk(4)+hp(5)+dice(3)=12 should be 18
          at line 37
    [Failed]:  [12] expected to equal [18]:  氷山 budget: atk(2)+hp(7)+dice(3)=12 should be 18
          at line 37
    [Failed]:  [12] expected to equal [18]:  絶対零度 budget: atk(3)+hp(6)+dice(3)=12 should be 18
          at line 37
    [Failed]:  [4] expected to equal [6]:  森の妖精 budget: atk(1)+hp(2)+dice(1)=4 should be 6
          at line 37
    [Failed]:  [4] expected to equal [6]:  若木のトレント budget: atk(1)+hp(2)+dice(1)=4 should be 6
          at line 37
    [Failed]:  [4] expected to equal [6]:  花のスプライト budget: atk(1)+hp(2)+dice(1)=4 should be 6
          at line 37
    [Failed]:  [4] expected to equal [6]:  種まき budget: atk(2)+hp(1)+dice(1)=4 should be 6
          at line 37
    [Failed]:  [6] expected to equal [9]:  草原の狩人 budget: atk(2)+hp(2)+dice(2)=6 should be 9
          at line 37
    [Failed]:  [6] expected to equal [9]:  花の精 budget: atk(1)+hp(3)+dice(2)=6 should be 9
          at line 37
    [Failed]:  [6] expected to equal [9]:  蔦の魔術師 budget: atk(2)+hp(2)+dice(2)=6 should be 9
          at line 37
    [Failed]:  [6] expected to equal [9]:  木こりオーク budget: atk(2)+hp(2)+dice(2)=6 should be 9
          at line 37
    [Failed]:  [8] expected to equal [12]:  森の守護者 budget: atk(2)+hp(4)+dice(2)=8 should be 12
          at line 37
    [Failed]:  [8] expected to equal [12]:  大樹の戦士 budget: atk(3)+hp(3)+dice(2)=8 should be 12
          at line 37
    [Failed]:  [8] expected to equal [12]:  ドリアードの巫女 budget: atk(1)+hp(5)+dice(2)=8 should be 12
          at line 37
    [Failed]:  [8] expected to equal [12]:  森の巨人 budget: atk(3)+hp(3)+dice(2)=8 should be 12
          at line 37
    [Failed]:  [10] expected to equal [15]:  エルフの賢者 budget: atk(2)+hp(5)+dice(3)=10 should be 15
          at line 37
    [Failed]:  [10] expected to equal [15]:  古代樹 budget: atk(1)+hp(6)+dice(3)=10 should be 15
          at line 37
    [Failed]:  [10] expected to equal [15]:  春風の使者 budget: atk(3)+hp(4)+dice(3)=10 should be 15
          at line 37
    [Failed]:  [10] expected to equal [15]:  苔の巨人 budget: atk(2)+hp(5)+dice(3)=10 should be 15
          at line 37
    [Failed]:  [12] expected to equal [18]:  森林王 budget: atk(3)+hp(6)+dice(3)=12 should be 18
          at line 37
    [Failed]:  [12] expected to equal [18]:  世界樹の化身 budget: atk(4)+hp(5)+dice(3)=12 should be 18
          at line 37
    [Failed]:  [12] expected to equal [18]:  大地の精霊 budget: atk(3)+hp(6)+dice(3)=12 should be 18
          at line 37
    [Failed]:  [12] expected to equal [18]:  生命の木 budget: atk(2)+hp(7)+dice(3)=12 should be 18
          at line 37
    [Failed]:  [4] expected to equal [6]:  呪いの人形 budget: atk(1)+hp(2)+dice(1)=4 should be 6
          at line 37
    [Failed]:  [4] expected to equal [6]:  疫病ネズミ budget: atk(1)+hp(2)+dice(1)=4 should be 6
          at line 37
    [Failed]:  [8] expected to equal [9]:  影の暗殺者 budget: atk(4)+hp(2)+dice(2)=8 should be 9
          at line 37
    [Failed]:  [6] expected to equal [9]:  毒蛇 budget: atk(2)+hp(2)+dice(2)=6 should be 9
          at line 37
    [Failed]:  [6] expected to equal [9]:  ゾンビ budget: atk(2)+hp(2)+dice(2)=6 should be 9
          at line 37
    [Failed]:  [6] expected to equal [9]:  闇の魔術師 budget: atk(2)+hp(2)+dice(2)=6 should be 9
          at line 37
    [Failed]:  [11] expected to equal [12]:  堕天使 budget: atk(5)+hp(4)+dice(2)=11 should be 12
          at line 37
    [Failed]:  [8] expected to equal [12]:  死霊術師 budget: atk(2)+hp(4)+dice(2)=8 should be 12
          at line 37
    [Failed]:  [8] expected to equal [12]:  骸骨剣士 budget: atk(3)+hp(3)+dice(2)=8 should be 12
          at line 37
    [Failed]:  [10] expected to equal [12]:  悪魔の契約者 budget: atk(4)+hp(4)+dice(2)=10 should be 12
          at line 37
    [Failed]:  [13] expected to equal [15]:  漆黒の騎士 budget: atk(5)+hp(5)+dice(3)=13 should be 15
          at line 37
    [Failed]:  [10] expected to equal [15]:  吸血鬼 budget: atk(4)+hp(3)+dice(3)=10 should be 15
          at line 37
    [Failed]:  [10] expected to equal [15]:  ダークナイト budget: atk(4)+hp(3)+dice(3)=10 should be 15
          at line 37
    [Failed]:  [10] expected to equal [15]:  死神 budget: atk(4)+hp(3)+dice(3)=10 should be 15
          at line 37
    [Failed]:  [16] expected to equal [18]:  魔王の影 budget: atk(7)+hp(6)+dice(3)=16 should be 18
          at line 37
    [Failed]:  [12] expected to equal [18]:  深淵の王 budget: atk(4)+hp(5)+dice(3)=12 should be 18
          at line 37
    [Failed]:  [15] expected to equal [18]:  堕落の竜 budget: atk(6)+hp(6)+dice(3)=15 should be 18
          at line 37
    [Failed]:  [12] expected to equal [18]:  暗黒神 budget: atk(4)+hp(5)+dice(3)=12 should be 18
          at line 37
    [Failed]:  [4] expected to equal [6]:  火の精霊 budget: atk(2)+hp(1)+dice(1)=4 should be 6
          at line 37
    [Failed]:  [4] expected to equal [6]:  炎のネズミ budget: atk(2)+hp(1)+dice(1)=4 should be 6
          at line 37
    [Failed]:  [4] expected to equal [6]:  火花インプ budget: atk(2)+hp(1)+dice(1)=4 should be 6
          at line 37
    [Failed]:  [4] expected to equal [6]:  溶岩スライム budget: atk(1)+hp(2)+dice(1)=4 should be 6
          at line 37
    [Failed]:  [6] expected to equal [9]:  炎の戦士 budget: atk(3)+hp(1)+dice(2)=6 should be 9
          at line 37
    [Failed]:  [6] expected to equal [9]:  火炎魔術師 budget: atk(2)+hp(2)+dice(2)=6 should be 9
          at line 37
    [Failed]:  [6] expected to equal [9]:  バーニングナイト budget: atk(2)+hp(2)+dice(2)=6 should be 9
          at line 37
    [Failed]:  [6] expected to equal [9]:  火の鳥 budget: atk(2)+hp(2)+dice(2)=6 should be 9
          at line 37
    [Failed]:  [8] expected to equal [12]:  炎の騎士 budget: atk(4)+hp(2)+dice(2)=8 should be 12
          at line 37
    [Failed]:  [8] expected to equal [12]:  ファイアドラゴン budget: atk(3)+hp(3)+dice(2)=8 should be 12
          at line 37
    [Failed]:  [8] expected to equal [12]:  溶岩巨人 budget: atk(2)+hp(4)+dice(2)=8 should be 12
          at line 37
    [Failed]:  [8] expected to equal [12]:  業火の魔人 budget: atk(4)+hp(2)+dice(2)=8 should be 12
          at line 37
    [Failed]:  [10] expected to equal [15]:  炎帝 budget: atk(4)+hp(3)+dice(3)=10 should be 15
          at line 37
    [Failed]:  [10] expected to equal [15]:  フェニックス budget: atk(3)+hp(4)+dice(3)=10 should be 15
          at line 37
    [Failed]:  [10] expected to equal [15]:  地獄の番犬 budget: atk(4)+hp(3)+dice(3)=10 should be 15
          at line 37
    [Failed]:  [10] expected to equal [15]:  火山龍 budget: atk(4)+hp(3)+dice(3)=10 should be 15
          at line 37
    [Failed]:  [12] expected to equal [18]:  炎神 budget: atk(5)+hp(4)+dice(3)=12 should be 18
          at line 37
    [Failed]:  [12] expected to equal [18]:  メテオドラゴン budget: atk(4)+hp(5)+dice(3)=12 should be 18
          at line 37
    [Failed]:  [12] expected to equal [18]:  灼熱の魔王 budget: atk(5)+hp(4)+dice(3)=12 should be 18
          at line 37
    [Failed]:  [12] expected to equal [18]:  太陽神 budget: atk(4)+hp(5)+dice(3)=12 should be 18
          at line 37
    [Failed]:  [4] expected to equal [6]:  光の精霊 budget: atk(1)+hp(2)+dice(1)=4 should be 6
          at line 37
    [Failed]:  [4] expected to equal [6]:  聖なる小鳥 budget: atk(1)+hp(2)+dice(1)=4 should be 6
          at line 37
    [Failed]:  [4] expected to equal [6]:  祝福のスプライト budget: atk(1)+hp(2)+dice(1)=4 should be 6
          at line 37
    [Failed]:  [4] expected to equal [6]:  星の欠片 budget: atk(1)+hp(2)+dice(1)=4 should be 6
          at line 37
    [Failed]:  [6] expected to equal [9]:  光の戦士 budget: atk(2)+hp(2)+dice(2)=6 should be 9
          at line 37
    [Failed]:  [6] expected to equal [9]:  癒しの天使 budget: atk(1)+hp(3)+dice(2)=6 should be 9
          at line 37
    [Failed]:  [6] expected to equal [9]:  守護の騎士 budget: atk(2)+hp(2)+dice(2)=6 should be 9
          at line 37
    [Failed]:  [6] expected to equal [9]:  光のスライム budget: atk(2)+hp(2)+dice(2)=6 should be 9
          at line 37
    [Failed]:  [8] expected to equal [12]:  聖騎士 budget: atk(3)+hp(3)+dice(2)=8 should be 12
          at line 37
    [Failed]:  [8] expected to equal [12]:  光の魔術師 budget: atk(2)+hp(4)+dice(2)=8 should be 12
          at line 37
    [Failed]:  [8] expected to equal [12]:  天使 budget: atk(2)+hp(4)+dice(2)=8 should be 12
          at line 37
    [Failed]:  [8] expected to equal [12]:  希望の使者 budget: atk(3)+hp(3)+dice(2)=8 should be 12
          at line 37
    [Failed]:  [10] expected to equal [15]:  大天使 budget: atk(3)+hp(4)+dice(3)=10 should be 15
          at line 37
    [Failed]:  [10] expected to equal [15]:  光の龍 budget: atk(3)+hp(4)+dice(3)=10 should be 15
          at line 37
    [Failed]:  [10] expected to equal [15]:  聖者 budget: atk(2)+hp(5)+dice(3)=10 should be 15
          at line 37
    [Failed]:  [10] expected to equal [15]:  祝福の精霊王 budget: atk(3)+hp(4)+dice(3)=10 should be 15
          at line 37
    [Failed]:  [12] expected to equal [18]:  光神 budget: atk(4)+hp(5)+dice(3)=12 should be 18
          at line 37
    [Failed]:  [12] expected to equal [18]:  天空龍 budget: atk(4)+hp(5)+dice(3)=12 should be 18
          at line 37
    [Failed]:  [12] expected to equal [18]:  希望の女神 budget: atk(3)+hp(6)+dice(3)=12 should be 18
          at line 37
    [Failed]:  [12] expected to equal [18]:  太陽の化身 budget: atk(4)+hp(5)+dice(3)=12 should be 18
          at line 37
    [Failed]:  [4] expected to equal [6]:  闇の精霊 budget: atk(1)+hp(2)+dice(1)=4 should be 6
          at line 37
    [Failed]:  [4] expected to equal [6]:  呪いのコウモリ budget: atk(1)+hp(2)+dice(1)=4 should be 6
          at line 37
    [Failed]:  [4] expected to equal [6]:  影のネズミ budget: atk(2)+hp(1)+dice(1)=4 should be 6
          at line 37
    [Failed]:  [4] expected to equal [6]:  夜の蝶 budget: atk(1)+hp(2)+dice(1)=4 should be 6
          at line 37
    [Failed]:  [6] expected to equal [9]:  闇の魔術師 budget: atk(2)+hp(2)+dice(2)=6 should be 9
          at line 37
    [Failed]:  [6] expected to equal [9]:  呪術師 budget: atk(2)+hp(2)+dice(2)=6 should be 9
          at line 37
    [Failed]:  [6] expected to equal [9]:  影の狼 budget: atk(2)+hp(2)+dice(2)=6 should be 9
          at line 37
    [Failed]:  [6] expected to equal [9]:  夢魔 budget: atk(1)+hp(3)+dice(2)=6 should be 9
          at line 37
    [Failed]:  [8] expected to equal [12]:  闇の騎士 budget: atk(3)+hp(3)+dice(2)=8 should be 12
          at line 37
    [Failed]:  [8] expected to equal [12]:  呪いの魔女 budget: atk(2)+hp(4)+dice(2)=8 should be 12
          at line 37
    [Failed]:  [8] expected to equal [12]:  影の龍 budget: atk(3)+hp(3)+dice(2)=8 should be 12
          at line 37
    [Failed]:  [8] expected to equal [12]:  悪夢の使者 budget: atk(2)+hp(4)+dice(2)=8 should be 12
          at line 37
    [Failed]:  [10] expected to equal [15]:  闇の王 budget: atk(3)+hp(4)+dice(3)=10 should be 15
          at line 37
    [Failed]:  [10] expected to equal [15]:  呪いの竜 budget: atk(3)+hp(4)+dice(3)=10 should be 15
          at line 37
    [Failed]:  [10] expected to equal [15]:  影の支配者 budget: atk(2)+hp(5)+dice(3)=10 should be 15
          at line 37
    [Failed]:  [10] expected to equal [15]:  悪夢の王 budget: atk(3)+hp(4)+dice(3)=10 should be 15
          at line 37
    [Failed]:  [12] expected to equal [18]:  闇神 budget: atk(4)+hp(5)+dice(3)=12 should be 18
          at line 37
    [Failed]:  [12] expected to equal [18]:  呪いの神 budget: atk(3)+hp(6)+dice(3)=12 should be 18
          at line 37
    [Failed]:  [12] expected to equal [18]:  影の帝王 budget: atk(4)+hp(5)+dice(3)=12 should be 18
          at line 37
    [Failed]:  [12] expected to equal [18]:  虚無の王 budget: atk(4)+hp(5)+dice(3)=12 should be 18
          at line 37
    [Failed]:  [4] expected to equal [6]:  聖なる精霊 budget: atk(1)+hp(2)+dice(1)=4 should be 6
          at line 37
    [Failed]:  [4] expected to equal [6]:  癒しの光 budget: atk(1)+hp(2)+dice(1)=4 should be 6
          at line 37
    [Failed]:  [4] expected to equal [6]:  守護の精霊 budget: atk(1)+hp(2)+dice(1)=4 should be 6
          at line 37
    [Failed]:  [4] expected to equal [6]:  祈りの天使 budget: atk(1)+hp(2)+dice(1)=4 should be 6
          at line 37
    [Failed]:  [6] expected to equal [9]:  白の戦士 budget: atk(2)+hp(2)+dice(2)=6 should be 9
          at line 37
    [Failed]:  [6] expected to equal [9]:  癒しの騎士 budget: atk(1)+hp(3)+dice(2)=6 should be 9
          at line 37
    [Failed]:  [6] expected to equal [9]:  聖なる盾 budget: atk(1)+hp(3)+dice(2)=6 should be 9
          at line 37
    [Failed]:  [6] expected to equal [9]:  祝福の僧侶 budget: atk(2)+hp(2)+dice(2)=6 should be 9
          at line 37
    [Failed]:  [8] expected to equal [12]:  聖騎士団長 budget: atk(2)+hp(4)+dice(2)=8 should be 12
          at line 37
    [Failed]:  [8] expected to equal [12]:  癒しの天使長 budget: atk(2)+hp(4)+dice(2)=8 should be 12
          at line 37
    [Failed]:  [8] expected to equal [12]:  聖なる守護者 budget: atk(2)+hp(4)+dice(2)=8 should be 12
          at line 37
    [Failed]:  [8] expected to equal [12]:  祈りの巫女 budget: atk(1)+hp(5)+dice(2)=8 should be 12
          at line 37
    [Failed]:  [10] expected to equal [15]:  大聖騎士 budget: atk(3)+hp(4)+dice(3)=10 should be 15
          at line 37
    [Failed]:  [10] expected to equal [15]:  神聖龍 budget: atk(2)+hp(5)+dice(3)=10 should be 15
          at line 37
    [Failed]:  [10] expected to equal [15]:  復活の天使 budget: atk(2)+hp(5)+dice(3)=10 should be 15
          at line 37
    [Failed]:  [10] expected to equal [15]:  聖域の守護者 budget: atk(2)+hp(5)+dice(3)=10 should be 15
          at line 37
    [Failed]:  [12] expected to equal [18]:  聖神 budget: atk(3)+hp(6)+dice(3)=12 should be 18
          at line 37
    [Failed]:  [12] expected to equal [18]:  神聖の化身 budget: atk(3)+hp(6)+dice(3)=12 should be 18
          at line 37
    [Failed]:  [12] expected to equal [18]:  復活の女神 budget: atk(2)+hp(7)+dice(3)=12 should be 18
          at line 37
    [Failed]:  [12] expected to equal [18]:  光の創造主 budget: atk(4)+hp(5)+dice(3)=12 should be 18
          at line 37

Totals
------
Scripts               6
Tests                61
Passing Tests        59
Failing Tests         2
Asserts           1271/1428
Time              0.845s


---- 2 failing tests ----

WARNING: ObjectDB instances leaked at exit (run with --verbose for details).
   at: cleanup (core/object/object.cpp:2641)
