Godot Engine v4.6.stable.official.89cea1439 - https://godotengine.org

SCRIPT ERROR: Trying to assign value of type 'Nil' to a variable of type 'bool'.
   at: _static_init (res://addons/gut/gut_loader.gd:35)
   GDScript backtrace (most recent call first):
       [0] _static_init (res://addons/gut/gut_loader.gd:35)
       [1] @static_initializer (res://addons/gut/gut_loader.gd:1)
       [2] _init (res://addons/gut/gut_cmdln.gd:23)
---  GUT  ---
[INFO]:  using [/workspace/.local/share/godot/app_userdata/DiceDeckRandom] for temporary output.
Godot version:  4.6.0
GUT version:  9.5.0


res://test/unit/test_balance_simulator.gd
* test_mono_deck_creation
* test_single_game_simulation
* test_matchup_simulation
* test_color_balance_report
    ═══════════════════════════════════════════
    色別バランスシミュレーション結果
    各マッチアップ 100 ゲーム（先攻/後攻各1回）
    ═══════════════════════════════════════════
    BLUE vs GREEN: 62.0% vs 38.0% (先攻有利: +8.0%, 平均14.0ターン)
    BLUE vs BLACK: 49.5% vs 50.0% (先攻有利: +3.0%, 平均12.7ターン)
    BLUE vs RED: 33.5% vs 66.0% (先攻有利: +9.0%, 平均14.9ターン)
    BLUE vs YELLOW: 49.0% vs 51.0% (先攻有利: +10.0%, 平均13.7ターン)
    BLUE vs PURPLE: 46.0% vs 53.0% (先攻有利: +16.0%, 平均15.0ターン)
    BLUE vs WHITE: 54.0% vs 46.0% (先攻有利: +2.0%, 平均15.6ターン)
    GREEN vs BLACK: 57.0% vs 41.5% (先攻有利: +14.0%, 平均12.9ターン)
